<?xml version="1.0" encoding="UTF-8"?>
<!-- Generated by org.testng.reporters.JUnitReportReporter -->
<testsuite skipped="0" hostname="LAPTOP-7IK47ORU" name="com.actitime.test.ValidLoginTest" tests="1" failures="0" timestamp="06 Sep 2017 14:18:03 GMT" time="7.104" errors="0">
  <testcase name="testValidLogin" time="7.104" classname="com.actitime.test.ValidLoginTest"/>
</testsuite> <!-- com.actitime.test.ValidLoginTest -->
