<?xml version="1.0" encoding="UTF-8"?>
<!-- Generated by org.testng.reporters.JUnitReportReporter -->
<testsuite skipped="0" hostname="LAPTOP-7IK47ORU" name="com.actitime.test.InvalidLoginTest" tests="1" failures="0" timestamp="06 Sep 2017 14:18:03 GMT" time="7.572" errors="0">
  <testcase name="testInvalidLogin" time="7.572" classname="com.actitime.test.InvalidLoginTest"/>
</testsuite> <!-- com.actitime.test.InvalidLoginTest -->
