<?xml version="1.0" encoding="UTF-8"?>
<!-- Generated by org.testng.reporters.JUnitReportReporter -->
<testsuite skipped="0" hostname="LAPTOP-7IK47ORU" name="com.actitime.test.VerifyVersionTest" tests="1" failures="0" timestamp="06 Sep 2017 14:18:03 GMT" time="6.944" errors="0">
  <testcase name="testVersion" time="6.944" classname="com.actitime.test.VerifyVersionTest"/>
</testsuite> <!-- com.actitime.test.VerifyVersionTest -->
